[12:47:03] [ServerMain/INFO]: Environment: authHost='https://authserver.mojang.com', accountsHost='https://api.mojang.com', sessionHost='https://sessionserver.mojang.com', servicesHost='https://api.minecraftservices.com', name='PROD'
[12:47:03] [ServerMain/INFO]: Found new data pack file/bukkit, loading it automatically
[12:47:04] [ServerMain/INFO]: Loaded 7 recipes
[12:47:05] [Server thread/INFO]: Starting minecraft server version 1.19.4
[12:47:05] [Server thread/INFO]: Loading properties
[12:47:05] [Server thread/INFO]: This server is running Paper version git-Paper-550 (MC: 1.19.4) (Implementing API version 1.19.4-R0.1-SNAPSHOT) (Git: 483368e on ver/1.19.4)
[12:47:05] [Server thread/INFO]: Server Ping Player Sample Count: 12
[12:47:05] [Server thread/INFO]: Using 4 threads for Netty based IO
[12:47:05] [Server thread/INFO]: [ChunkTaskScheduler] Chunk system is using 1 I/O threads, 1 worker threads, and gen parallelism of 1 threads
[12:47:05] [Server thread/WARN]: [!] The timings profiler has been enabled but has been scheduled for removal from Paper in the future.
    We recommend installing the spark profiler as a replacement: https://spark.lucko.me/
    For more information please visit: https://github.com/PaperMC/Paper/issues/8948
[12:47:06] [Server thread/INFO]: Default game type: SURVIVAL
[12:47:06] [Server thread/INFO]: Generating keypair
[12:47:06] [Server thread/INFO]: Starting Minecraft server on *:25565
[12:47:06] [Server thread/INFO]: Using epoll channel type
[12:47:06] [Server thread/INFO]: Paper: Using libdeflate (Linux x86_64) compression from Velocity.
[12:47:06] [Server thread/INFO]: Paper: Using OpenSSL 1.1.x (Linux x86_64) cipher from Velocity.
[12:47:06] [Server thread/WARN]: **** SERVER IS RUNNING IN OFFLINE/INSECURE MODE!
[12:47:06] [Server thread/WARN]: The server will make no attempt to authenticate usernames. Beware.
[12:47:06] [Server thread/WARN]: While this makes the game possible to play without internet access, it also opens up the ability for hackers to connect with any username they choose.
[12:47:06] [Server thread/WARN]: To change this, set "online-mode" to "true" in the server.properties file.
[12:47:06] [Server thread/INFO]: Preparing level "world"
[12:47:16] [Server thread/INFO]: Preparing start region for dimension minecraft:overworld
[12:47:16] [Server thread/INFO]: Time elapsed: 165 ms
[12:47:16] [Server thread/INFO]: Preparing start region for dimension minecraft:the_nether
[12:47:16] [Server thread/INFO]: Time elapsed: 259 ms
[12:47:16] [Server thread/INFO]: Preparing start region for dimension minecraft:the_end
[12:47:16] [Server thread/INFO]: Time elapsed: 212 ms
[12:47:16] [Server thread/INFO]: Running delayed init tasks
[12:47:16] [Server thread/INFO]: Done (11.330s)! For help, type "help"
[12:47:16] [Server thread/INFO]: Timings Reset
[12:47:44] [Server thread/INFO]: Stopping the server
[12:47:44] [Server thread/INFO]: Stopping server
[12:47:44] [Server thread/INFO]: Saving players
[12:47:44] [Server thread/INFO]: Saving worlds
[12:47:44] [Server thread/INFO]: Saving chunks for level 'ServerLevel[world]'/minecraft:overworld
[12:47:44] [Server thread/INFO]: [ChunkHolderManager] Waiting 60s for chunk system to halt for world 'world'
[12:47:44] [Server thread/INFO]: [ChunkHolderManager] Halted chunk system for world 'world'
[12:47:44] [Server thread/INFO]: [ChunkHolderManager] Saving all chunkholders for world 'world'
[12:47:45] [Server thread/INFO]: [ChunkHolderManager] Saved 1681 block chunks, 1 entity chunks, 0 poi chunks in world 'world' in 1.37s
[12:47:45] [Server thread/INFO]: ThreadedAnvilChunkStorage (world): All chunks are saved
[12:47:45] [Server thread/INFO]: Saving chunks for level 'ServerLevel[world_nether]'/minecraft:the_nether
[12:47:45] [Server thread/INFO]: [ChunkHolderManager] Waiting 60s for chunk system to halt for world 'world_nether'
[12:47:45] [Server thread/INFO]: [ChunkHolderManager] Halted chunk system for world 'world_nether'
[12:47:45] [Server thread/INFO]: [ChunkHolderManager] Saving all chunkholders for world 'world_nether'
[12:47:47] [Server thread/INFO]: [ChunkHolderManager] Saved 2025 block chunks, 441 entity chunks, 0 poi chunks in world 'world_nether' in 1.15s
[12:47:47] [Server thread/INFO]: ThreadedAnvilChunkStorage (DIM-1): All chunks are saved
[12:47:47] [Server thread/INFO]: Saving chunks for level 'ServerLevel[world_the_end]'/minecraft:the_end
[12:47:47] [Server thread/INFO]: [ChunkHolderManager] Waiting 60s for chunk system to halt for world 'world_the_end'
[12:47:47] [Server thread/INFO]: [ChunkHolderManager] Halted chunk system for world 'world_the_end'
[12:47:47] [Server thread/INFO]: [ChunkHolderManager] Saving all chunkholders for world 'world_the_end'
[12:47:47] [Server thread/INFO]: [ChunkHolderManager] Saved 2025 block chunks, 529 entity chunks, 0 poi chunks in world 'world_the_end' in 0.44s
[12:47:47] [Server thread/INFO]: ThreadedAnvilChunkStorage (DIM1): All chunks are saved
[12:47:47] [Server thread/INFO]: ThreadedAnvilChunkStorage: All dimensions are saved
[12:47:47] [Server thread/INFO]: Flushing Chunk IO
[12:47:47] [Server thread/INFO]: Closing Thread Pool
[12:47:47] [Server thread/INFO]: Closing Server
